2026-05-07 19:47:56 [INFO] ════════════════════════════════════════════════════════════
2026-05-07 19:47:56 [INFO]   HS300 V1.4 生产执行
2026-05-07 19:47:56 [INFO]   日期: 2026-05-07 (周四)
2026-05-07 19:47:56 [INFO]   运行ID: b4888f8cbff5
2026-05-07 19:47:56 [INFO]   参数: force_run=True, retrain=False, dry_run=True, skip_download=True
2026-05-07 19:47:56 [INFO]   策略: v1.4 (V1.4: V1.3 + 集中持仓(top5)), top_k=5, cooldown=10天
2026-05-07 19:47:56 [INFO] ════════════════════════════════════════════════════════════
2026-05-07 19:47:56 [INFO] ✅ --force-run 模式，跳过交易日判断
2026-05-07 19:47:56 [WARNING] 今日信号文件已存在 (run_id=e639f6eab74d, 生成于 2026-05-07T19:39:58.429638)，本次执行将覆盖
2026-05-07 19:47:56 [INFO] Phase 1/7: 跳过下载 (--skip-download)
2026-05-07 19:47:57 [INFO] Phase 2/7: 信号生成 (need_retrain=False, 原因: 无需重训)
2026-05-07 19:47:57 [INFO]   缓存不存在 (lab/hs300/signal/hs300_topk.parquet)，执行实时训练 ...
2026-05-07 19:58:06 [INFO] ════════════════════════════════════════════════════════════
2026-05-07 19:58:06 [INFO]   HS300 V1.4 生产执行
2026-05-07 19:58:06 [INFO]   日期: 2026-05-07 (周四)
2026-05-07 19:58:06 [INFO]   运行ID: 0d6d84629908
2026-05-07 19:58:06 [INFO]   参数: force_run=True, retrain=False, dry_run=True, skip_download=True
2026-05-07 19:58:06 [INFO]   策略: v1.4 (V1.4: V1.3 + 集中持仓(top5)), top_k=5, cooldown=10天
2026-05-07 19:58:06 [INFO] ════════════════════════════════════════════════════════════
2026-05-07 19:58:06 [INFO] ✅ --force-run 模式，跳过交易日判断
2026-05-07 19:58:06 [WARNING] 今日信号文件已存在 (run_id=e639f6eab74d, 生成于 2026-05-07T19:39:58.429638)，本次执行将覆盖
2026-05-07 19:58:06 [INFO] Phase 1/7: 跳过下载 (--skip-download)
2026-05-07 19:58:07 [INFO] Phase 2/7: 信号生成 (need_retrain=False, 原因: 无需重训)
2026-05-07 19:58:07 [INFO]   目标日期 2026-05-07 无信号，回退到最近信号日 2026-04-27
2026-05-07 19:58:07 [INFO]   缓存加载: hs300_topk.parquet (26185 行)
2026-05-07 19:58:07 [INFO] Phase 2 完成: 279 只股票信号 (1.0s)
2026-05-07 19:58:07 [INFO]   #1 600346.SSE signal=0.8548
2026-05-07 19:58:07 [INFO]   #2 002384.SZSE signal=0.5801
2026-05-07 19:58:07 [INFO]   #3 300308.SZSE signal=0.5642
2026-05-07 19:58:07 [INFO]   #4 300502.SZSE signal=0.5412
2026-05-07 19:58:07 [INFO]   #5 600482.SSE signal=0.5363
2026-05-07 19:58:07 [INFO] Phase 3/7: 加载当前持仓 ...
2026-05-07 19:58:07 [INFO] 从飞书加载持仓 (doc_id=GF8rwX1u...)
2026-05-07 19:58:08 [INFO]   文档类型: 电子表格
2026-05-07 19:58:09 [INFO]   找到 1 个表格，解析第 0 个 (3行 x 8列)
2026-05-07 19:58:09 [INFO] 表格解析完成: 2 只持仓, cash=12000.00, 跳过0行
2026-05-07 19:58:09 [INFO] 飞书持仓加载完成: 2 只股票, 现金 12000.00
2026-05-07 19:58:09 [INFO]   持仓: 2 只, 现金: 12000.00, 成本总值: 202060.00
2026-05-07 19:58:09 [INFO]     300394.SZSE 天孚通信 200股 @25.30 入=2026/4/28
2026-05-07 19:58:09 [INFO]     000063.SZSE 中兴通讯 100股 @1850.00 入=2026/4/21
2026-05-07 19:58:09 [INFO] Phase 3 完成 (1.9s)
2026-05-07 19:58:09 [INFO] Phase 4/7: 获取参考价格 ...
2026-05-07 19:58:11 [INFO]   获取 280 只股票价格
2026-05-07 19:58:11 [INFO]   账户市值: 79057.00 (现金 12000.00 + 持仓 67057.00)
2026-05-07 19:58:11 [INFO] Phase 4 完成 (1.3s)
2026-05-07 19:58:11 [INFO] Phase 5/7: 计算调仓差异 (top_k=5, cooldown=10天, slippage=1.5%) ...
2026-05-07 19:58:11 [INFO]   结果: 买入 2, 卖出 2, 持有 0, 预估手续费 65.27
2026-05-07 19:58:11 [INFO]     BUY   600346 600346 600股 @22.85 (22.51~23.19) 成本13715 费5 信号0.855 #1 | 信号排名 #1（0.85），新进入 Top-5，建议买入
2026-05-07 19:58:11 [INFO]     BUY   600482 600482 300股 @39.66 (39.07~40.25) 成本11903 费5 信号0.536 #5 | 信号排名 #5（0.54），新进入 Top-5，建议买入
2026-05-07 19:58:11 [INFO]     SELL  300394 天孚通信 200股 @316.16 (311.42~320.90) 盈亏+1149.6% 回款63184 费48 | 信号排名 #9（0.52），滑出 Top-5，建议卖出
2026-05-07 19:58:11 [INFO]     SELL  000063 中兴通讯 100股 @38.25 (37.68~38.82) 盈亏-97.9% 回款3818 费7 | 信号排名 #67（0.33），不在 Top-5 内，建议卖出
2026-05-07 19:58:11 [INFO] Phase 5 完成 (0.0s)
2026-05-07 19:58:11 [INFO] Phase 6/7: 交易建议 → /Users/momo/project/vnpy/hs300_topk/live/signals/2026-05-07.json
2026-05-07 19:58:11 [INFO] Phase 7/7: dry-run 模式，跳过推送
2026-05-07 19:58:11 [INFO] ════════════════════════════════════════════════════════════
2026-05-07 19:58:11 [INFO]   执行完成!
2026-05-07 19:58:11 [INFO]   运行ID: 0d6d84629908
2026-05-07 19:58:11 [INFO]   耗时: 4.2 秒
2026-05-07 19:58:11 [INFO]   信号文件: /Users/momo/project/vnpy/hs300_topk/live/signals/2026-05-07.json
2026-05-07 19:58:11 [INFO]   操作摘要: 买2 卖2 持0, 预估费用 65.27
2026-05-07 19:58:11 [INFO]   告警/异常: 1 条
2026-05-07 19:58:11 [INFO]     ⚠️ 今日信号文件已存在 (run_id=e639f6eab74d, 生成于 2026-05-07T19:39:58.429638)，本次执行将覆盖
2026-05-07 19:58:11 [INFO] ════════════════════════════════════════════════════════════
