2026-05-07 19:03:01 [INFO] ============================================================
2026-05-07 19:03:01 [INFO]   HS300 V1.3 生产执行 | 2026-05-07 (周四)
2026-05-07 19:03:01 [INFO] ============================================================
2026-05-07 19:03:01 [INFO] Phase 1: 跳过下载 (--skip-download)
2026-05-07 19:03:01 [INFO] Phase 2: 使用缓存信号 ...
2026-05-07 19:03:01 [INFO]   使用最近信号日期: 2026-04-27
2026-05-07 19:03:01 [INFO] Phase 2 完成: 279 只股票信号
2026-05-07 19:03:01 [INFO]   Top-5: [('600346.SSE', '0.855'), ('002384.SZSE', '0.580'), ('300308.SZSE', '0.564'), ('300502.SZSE', '0.541'), ('600482.SSE', '0.536')]
2026-05-07 19:03:01 [INFO] Phase 3: 加载当前持仓 ...
2026-05-07 19:03:03 [INFO] 飞书持仓加载成功: 2 只股票, 现金 12000.00
2026-05-07 19:03:03 [INFO]   持仓: 2 只, 现金: 12000.00, 总值: 202060.00
2026-05-07 19:03:03 [INFO] Phase 4: 获取参考价格 ...
2026-05-07 19:03:08 [INFO]   获取 280 只股票价格
2026-05-07 19:03:08 [INFO] Phase 5: 计算调仓差异 ...
2026-05-07 19:03:08 [INFO]   买入 4, 卖出 2, 持有 0
2026-05-07 19:03:08 [INFO]     BUY 600346 600346 400股 @22.85 (22.51~23.19) [信号:0.855 #1 市值:9140 占比:11.6%]
2026-05-07 19:03:08 [INFO]     BUY 600482 600482 200股 @39.66 (39.07~40.25) [信号:0.536 #5 市值:7932 占比:10.0%]
2026-05-07 19:03:08 [INFO]     BUY 002938 002938 100股 @75.13 (74.00~76.26) [信号:0.530 #7 市值:7513 占比:9.5%]
2026-05-07 19:03:08 [INFO]     BUY 688126 688126 400股 @22.33 (22.00~22.66) [信号:0.526 #8 市值:8932 占比:11.3%]
2026-05-07 19:03:08 [INFO]     SELL 300394 天孚通信 200股 @316.16 (311.42~320.90) (+1149.6%) [信号:0.521 #9 市值:63232 占比:80.0%]
2026-05-07 19:03:08 [INFO]     SELL 000063 中兴通讯 100股 @38.25 (37.68~38.82) (-97.9%) [信号:0.331 #67 市值:3825 占比:4.8%]
2026-05-07 19:03:08 [INFO] Phase 6: 交易建议 -> /Users/momo/project/vnpy/hs300_top10/live/signals/2026-05-07.json
2026-05-07 19:03:08 [INFO] Phase 7: 推送飞书 ...
2026-05-07 19:03:09 [INFO] 飞书卡片消息推送成功
2026-05-07 19:03:09 [INFO] ============================================================
2026-05-07 19:03:09 [INFO]   执行完成!
2026-05-07 19:03:09 [INFO] ============================================================
